I, [2021-09-10T11:32:33.468204 #58551]  INFO -- : Registered expected interaction GET /v1/address/locations9412-4f2c-8db7-9bd5b46ca9b0
D, [2021-09-10T11:32:33.468454 #58551] DEBUG -- : {
  "description": "response.status returns locationID",
  "providerState": "get address details",
  "request": {
    "method": "GET",
    "path": "/v1/address/locations9412-4f2c-8db7-9bd5b46ca9b0",
    "headers": {
      "Content-Type": "application/json",
      "x-api-key": {
        "json_class": "Pact::SomethingLike",
        "contents": "30a8-4601-b7f9-6fdd3b25c950"
      }
    }
  },
  "response": {
    "status": 200,
    "headers": {
      "Content-Type": "application/json",
      "x-api-key": {
        "json_class": "Pact::SomethingLike",
        "contents": "30a8-4601-b7f9-6fdd3b25c950"
      }
    },
    "body": {
      "locationId": "ca2bd511-1234b",
      "myUserId": "e87c8d19-607b-4dc8-b15f-7ea67a188332",
      "name": "my garden",
      "type": "SUNFLOWER",
      "size": 0.1,
      "unit": [
        "acre",
        "hectare"
      ],
      "latitude": -51.470544,
      "longitude": -2.588658,
      "country": "Singapore",
      "dependent": "Malaysia",
      "address": "Blk 4000, farrer park, singapore"
    }
  },
  "metadata": null
}
I, [2021-09-10T11:32:33.476674 #58551]  INFO -- : Received request GET /v1/address/locations9412-4f2c-8db7-9bd5b46ca9b0
D, [2021-09-10T11:32:33.476790 #58551] DEBUG -- : {
  "path": "/v1/address/locations9412-4f2c-8db7-9bd5b46ca9b0",
  "query": "",
  "method": "get",
  "headers": {
    "Content-Type": "application/json",
    "Accept": "application/json, text/plain, */*",
    "X-Api-Key": "[object Object]",
    "User-Agent": "axios/0.21.1",
    "Host": "127.0.0.1:53982",
    "Connection": "close",
    "Version": "HTTP/1.1"
  }
}
I, [2021-09-10T11:32:33.477769 #58551]  INFO -- : Found matching response for GET /v1/address/locations9412-4f2c-8db7-9bd5b46ca9b0
D, [2021-09-10T11:32:33.477923 #58551] DEBUG -- : {
  "status": 200,
  "headers": {
    "Content-Type": "application/json",
    "x-api-key": {
      "json_class": "Pact::SomethingLike",
      "contents": "30a8-4601-b7f9-6fdd3b25c950"
    }
  },
  "body": {
    "locationId": "ca2bd511-1234b",
    "myUserId": "e87c8d19-607b-4dc8-b15f-7ea67a188332",
    "name": "my garden",
    "type": "SUNFLOWER",
    "size": 0.1,
    "unit": [
      "acre",
      "hectare"
    ],
    "latitude": -51.470544,
    "longitude": -2.588658,
    "country": "Singapore",
    "dependent": "Malaysia",
    "address": "Blk 4000, farrer park, singapore"
  }
}
I, [2021-09-10T11:32:33.485140 #58551]  INFO -- : Verifying - interactions matched
I, [2021-09-10T11:32:33.486305 #58551]  INFO -- : Verifying - interactions matched
I, [2021-09-10T11:32:33.492006 #58551]  INFO -- : Cleared interactions
I, [2021-09-10T11:32:33.493459 #58551]  INFO -- : Cleared interactions
I, [2021-09-10T11:32:33.526368 #58551]  INFO -- : Updating pact for iProvider at /Users/a845751yara.com/poc/pactjs-demo/pact/pacts/iconsumer-iprovider.json
